


ARM Macro Assembler    Page 1 


    1 00000000                 AREA             RESET,DATA,READONLY
    2 00000000                 EXPORT           __Vectors
    3 00000000         
    4 00000000         __Vectors
    5 00000000 40001000        DCD              0x40001000
    6 00000004 00000000        DCD              Reset_Handler
    7 00000008         
    8 00000008                 AREA             multi,CODE,READONLY
    9 00000000                 EXPORT           Reset_Handler
   10 00000000                 ENTRY
   11 00000000         
   12 00000000         Reset_Handler
   13 00000000 480C            LDR              R0,=num1
   14 00000002 490D            LDR              R1,=num2
   15 00000004 6802            LDR              R2,[R0]
   16 00000006 680B            LDR              R3,[R1]
   17 00000008 F04F 0400       MOV              R4,#0
   18 0000000C F04F 0600 
                       UP      MOV              R6,#0
   19 00000010 18A4            ADDS             R4,R2
   20 00000012 BF28 3501       ADDCS            R5,#1
   21 00000016 F1A3 0301       SUB              R3,#1
   22 0000001A F093 0F00       TEQ              R3,#0
   23 0000001E D1F5            BNE              UP
   24 00000020 4806            LDR              R0,=res
   25 00000022 F840 4B04       STR              R4,[R0],#4
   26 00000026 6005            STR              R5,[R0]
   27 00000028 E7FE    STOP    B                STOP
   28 0000002A         
   29 0000002A 00 00 1A1873EF 
                       num1    DCD              0x1A1873EF
   30 00000030 0000000F 
                       num2    DCD              0x0F
   31 00000034         
   32 00000034 00000000 
              00000000 
              00000000         AREA             result,DATA,READWRITE
   33 00000000 00000000 
              00000000 res     DCD              0,0
   34 00000008         
   35 00000008                 END
Command Line: --debug --xref --diag_suppress=9931 --cpu=Cortex-M3 --apcs=interw
ork --depend=.\objects\mutli.d -o.\objects\mutli.o -ID:\Code\Assembly\lab3\RTE 
-IC:\Keil_v5\ARM\PACK\Keil\LPC1700_DFP\2.2.0\Device\Include -IC:\Keil_v5\ARM\CM
SIS\Include --predefine="__EVAL SETA 1" --predefine="__UVISION_VERSION SETA 517
" --predefine="LPC175x_6x SETA 1" --list=.\listings\mutli.lst mutli.s



ARM Macro Assembler    Page 1 Alphabetic symbol ordering
Relocatable symbols

RESET 00000000

Symbol: RESET
   Definitions
      At line 1 in file mutli.s
   Uses
      None
Comment: RESET unused
__Vectors 00000000

Symbol: __Vectors
   Definitions
      At line 4 in file mutli.s
   Uses
      At line 2 in file mutli.s
Comment: __Vectors used once
2 symbols



ARM Macro Assembler    Page 1 Alphabetic symbol ordering
Relocatable symbols

Reset_Handler 00000000

Symbol: Reset_Handler
   Definitions
      At line 12 in file mutli.s
   Uses
      At line 6 in file mutli.s
      At line 9 in file mutli.s

STOP 00000028

Symbol: STOP
   Definitions
      At line 27 in file mutli.s
   Uses
      At line 27 in file mutli.s
Comment: STOP used once
UP 0000000C

Symbol: UP
   Definitions
      At line 18 in file mutli.s
   Uses
      At line 23 in file mutli.s
Comment: UP used once
multi 00000000

Symbol: multi
   Definitions
      At line 8 in file mutli.s
   Uses
      None
Comment: multi unused
num1 0000002C

Symbol: num1
   Definitions
      At line 29 in file mutli.s
   Uses
      At line 13 in file mutli.s
Comment: num1 used once
num2 00000030

Symbol: num2
   Definitions
      At line 30 in file mutli.s
   Uses
      At line 14 in file mutli.s
Comment: num2 used once
6 symbols



ARM Macro Assembler    Page 1 Alphabetic symbol ordering
Relocatable symbols

res 00000000

Symbol: res
   Definitions
      At line 33 in file mutli.s
   Uses
      At line 24 in file mutli.s
Comment: res used once
result 00000000

Symbol: result
   Definitions
      At line 32 in file mutli.s
   Uses
      None
Comment: result unused
2 symbols
345 symbols in table
