


ARM Macro Assembler    Page 1 


    1 00000000                 AREA             mycode,CODE,READONLY
    2 00000000                 EXPORT           __Vectors
    3 00000000         __Vectors
    4 00000000 40001000        DCD              0X40001000  ;
    5 00000004 00000000        DCD              Reset_Handler
    6 00000008                 ALIGN
    7 00000008                 ENTRY
    8 00000008                 EXPORT           Reset_Handler
    9 00000008         Reset_Handler
   10 00000008 4809            LDR              R0,=DATA
   11 0000000A 4D0A            LDR              R5,=Result
   12 0000000C 6801            LDR              R1,[R0]
   13 0000000E 6842            LDR              R2,[R0,#4]
   14 00000010 185B    UP      ADDS             R3,R1
   15 00000012 F144 0400       ADC              R4,#0
   16 00000016 F1A2 0201       SUB              R2,#1
   17 0000001A 2A00            CMP              R2,#0
   18 0000001C D1F8            BNE              UP
   19 0000001E F845 3B04       STR              R3,[R5],#4
   20 00000022 602C            STR              R4,[R5]
   21 00000024         STOP
   22 00000024 E7FE            B                STOP
   23 00000026 00 00 12345678 
              00000012 DATA    DCD              0X12345678,0X12
   24 00000030 00000000 
              00000000         AREA             DATASEG,DATA,READWRITE
   25 00000000 00000000 
              00000000 Result  DCD              0,0
   26 00000008                 END
Command Line: --debug --xref --cpu=Cortex-M3 --apcs=interwork --depend=L1.d -oL
1.o -IC:\Keil\ARM\RV31\INC -IC:\Keil\ARM\CMSIS\Include -IC:\Keil\ARM\Inc\NXP\LP
C17xx --predefine="__EVAL SETA 1" --list=L1.lst L1.asm



ARM Macro Assembler    Page 1 Alphabetic symbol ordering
Relocatable symbols

DATA 00000028

Symbol: DATA
   Definitions
      At line 23 in file L1.asm
   Uses
      At line 10 in file L1.asm
Comment: DATA used once
Reset_Handler 00000008

Symbol: Reset_Handler
   Definitions
      At line 9 in file L1.asm
   Uses
      At line 5 in file L1.asm
      At line 8 in file L1.asm

STOP 00000024

Symbol: STOP
   Definitions
      At line 21 in file L1.asm
   Uses
      At line 22 in file L1.asm
Comment: STOP used once
UP 00000010

Symbol: UP
   Definitions
      At line 14 in file L1.asm
   Uses
      At line 18 in file L1.asm
Comment: UP used once
__Vectors 00000000

Symbol: __Vectors
   Definitions
      At line 3 in file L1.asm
   Uses
      At line 2 in file L1.asm
Comment: __Vectors used once
mycode 00000000

Symbol: mycode
   Definitions
      At line 1 in file L1.asm
   Uses
      None
Comment: mycode unused
6 symbols



ARM Macro Assembler    Page 1 Alphabetic symbol ordering
Relocatable symbols

DATASEG 00000000

Symbol: DATASEG
   Definitions
      At line 24 in file L1.asm
   Uses
      None
Comment: DATASEG unused
Result 00000000

Symbol: Result
   Definitions
      At line 25 in file L1.asm
   Uses
      At line 11 in file L1.asm
Comment: Result used once
2 symbols
341 symbols in table
