


ARM Macro Assembler    Page 1 


    1 00000000                 AREA             RESET,DATA,READONLY
    2 00000000                 EXPORT           __Vectors
    3 00000000         __Vectors
    4 00000000 40001000        DCD              0X40001000  ;
    5 00000004 00000000        DCD              Reset_Handler
    6 00000008                 ALIGN
    7 00000008                 area             mycode,CODE,READONLY
    8 00000000         
    9 00000000                 ENTRY
   10 00000000                 EXPORT           Reset_Handler
   11 00000000         Reset_Handler
   12 00000000 F04F 0009       LDR              R0,=0X9
   13 00000004 F04F 0112       LDR              R1,=0X12
   14 00000008 F1A1 0101       SUB              R1,#1
   15 0000000C 4684            MOV              R12,R0
   16 0000000E F04F 5800       LDR              R8,=0X20000000
   17 00000012 2900    UP2     CMP              R1,#0
   18 00000014 D01B            BEQ              DOWN
   19 00000016 F04F 0308       MOV              R3,#8
   20 0000001A         
   21 0000001A F000 040F 
                       UP      AND              R4,R0,#0X0F
   22 0000001E F000 050F       AND              R5,R0,#0X0F
   23 00000022 F387 8803       MSR              XPSR,R7
   24 00000026 EB54 0605       ADCS             R6,R4,R5
   25 0000002A F000 F815       BL               CONV
   26 0000002E EA4F 1939       ROR              R9,#4
   27 00000032 EA4F 1030       ROR              R0,#4
   28 00000036 F1A3 0301       SUB              R3,#1
   29 0000003A 2B00            CMP              R3,#0
   30 0000003C D1ED            BNE              UP
   31 0000003E F04F 0700       MOV              R7,#00
   32 00000042 46CC            MOV              R12,R9
   33 00000044 F04F 0900       MOV              R9,#00
   34 00000048 F1A1 0101       SUB              R1,#1
   35 0000004C E7E1            B                UP2
   36 0000004E         DOWN
   37 0000004E F8DF 903C       LDR              R9,=DST
   38 00000052 F8C9 C000       STR              R12,[R9]
   39 00000056         STOP
   40 00000056 E7FE            B                STOP
   41 00000058 46B0    CONV    MOV              R8,R6
   42 0000005A F006 060F       AND              R6,#0X0F
   43 0000005E 2E09            CMP              R6,#0X09
   44 00000060 D902            BLS              SKIP
   45 00000062 F106 0606       ADD              R6,#06
   46 00000066 E005            B                DOWN1
   47 00000068 4646    SKIP    MOV              R6,R8
   48 0000006A F006 061F       AND              R6,#0X1F
   49 0000006E 2E0A            CMP              R6,#10
   50 00000070 BF28 3606       ADDHS            R6,#06
   51 00000074 F006 0B0F 
                       DOWN1   AND              R11,R6,#0X0F
   52 00000078 EA49 090B       ORR              R9,R11
   53 0000007C F04F 0700       MOV              R7,#00
   54 00000080 F006 0710       AND              R7,R6,#0X10
   55 00000084 EA4F 6747       LSL              R7,#25
   56 00000088 4770            BX               LR
   57 0000008A 00 00 00000000  AREA             DATASEG,DATA,READWRITE



ARM Macro Assembler    Page 2 


   58 00000000 00000000 
                       DST     DCD              0
   59 00000004                 END
Command Line: --debug --xref --cpu=Cortex-M3 --apcs=interwork --depend=L5.d -oL
5.o -IC:\Keil\ARM\RV31\INC -IC:\Keil\ARM\CMSIS\Include -IC:\Keil\ARM\Inc\NXP\LP
C17xx --predefine="__EVAL SETA 1" --list=L5.lst L5.asm



ARM Macro Assembler    Page 1 Alphabetic symbol ordering
Relocatable symbols

RESET 00000000

Symbol: RESET
   Definitions
      At line 1 in file L5.asm
   Uses
      None
Comment: RESET unused
__Vectors 00000000

Symbol: __Vectors
   Definitions
      At line 3 in file L5.asm
   Uses
      At line 2 in file L5.asm
Comment: __Vectors used once
2 symbols



ARM Macro Assembler    Page 1 Alphabetic symbol ordering
Relocatable symbols

CONV 00000058

Symbol: CONV
   Definitions
      At line 41 in file L5.asm
   Uses
      At line 25 in file L5.asm
Comment: CONV used once
DOWN 0000004E

Symbol: DOWN
   Definitions
      At line 36 in file L5.asm
   Uses
      At line 18 in file L5.asm
Comment: DOWN used once
DOWN1 00000074

Symbol: DOWN1
   Definitions
      At line 51 in file L5.asm
   Uses
      At line 46 in file L5.asm
Comment: DOWN1 used once
Reset_Handler 00000000

Symbol: Reset_Handler
   Definitions
      At line 11 in file L5.asm
   Uses
      At line 5 in file L5.asm
      At line 10 in file L5.asm

SKIP 00000068

Symbol: SKIP
   Definitions
      At line 47 in file L5.asm
   Uses
      At line 44 in file L5.asm
Comment: SKIP used once
STOP 00000056

Symbol: STOP
   Definitions
      At line 39 in file L5.asm
   Uses
      At line 40 in file L5.asm
Comment: STOP used once
UP 0000001A

Symbol: UP
   Definitions
      At line 21 in file L5.asm
   Uses
      At line 30 in file L5.asm
Comment: UP used once
UP2 00000012




ARM Macro Assembler    Page 2 Alphabetic symbol ordering
Relocatable symbols

Symbol: UP2
   Definitions
      At line 17 in file L5.asm
   Uses
      At line 35 in file L5.asm
Comment: UP2 used once
mycode 00000000

Symbol: mycode
   Definitions
      At line 7 in file L5.asm
   Uses
      None
Comment: mycode unused
9 symbols



ARM Macro Assembler    Page 1 Alphabetic symbol ordering
Relocatable symbols

DATASEG 00000000

Symbol: DATASEG
   Definitions
      At line 57 in file L5.asm
   Uses
      None
Comment: DATASEG unused
DST 00000000

Symbol: DST
   Definitions
      At line 58 in file L5.asm
   Uses
      At line 37 in file L5.asm
Comment: DST used once
2 symbols
346 symbols in table
