


ARM Macro Assembler    Page 1 


    1 00000000                 AREA             RESET, DATA, READONLY
    2 00000000                 EXPORT           __Vectors
    3 00000000         
    4 00000000 40001000 
                       __Vectors
                               DCD              0x40001000
    5 00000004 00000000        DCD              Reset_Handler
    6 00000008         
    7 00000008                 AREA             code_to_data, CODE, READONLY
    8 00000000                 EXPORT           Reset_Handler
    9 00000000                 ENTRY
   10 00000000         
   11 00000000 4910    Reset_Handler
                               LDR              r1, = src
   12 00000002 4A11            LDR              r2, = dst
   13 00000004 F04F 040A       MOV              r4, #10
   14 00000008 F851 3B04 
                       UP      LDR              r3, [r1], #4
   15 0000000C F842 3B04       STR              r3, [r2], #4
   16 00000010 F1A4 0401       SUB              r4, #1
   17 00000014 2C00            CMP              r4, #0
   18 00000016 D1F7            BNE              UP
   19 00000018 E7FE    STOP    B                STOP
   20 0000001A         
   21 0000001A 00 00 DEADBEEF 
              12345678 
              87654321 
              13578642 
              24687531 
              ABCDEF12 
              21FEDCBA 
              1A2B3C4D 
              D4C3B2A1 
              A8B7C6D5 src     DCD              0xDEADBEEF, 0x12345678, 0x87654
321, 0x13578642, 0x24687531, 0xABCDEF12, 0x21fedcba, 0x1a2b3c4d, 0xd4c3b2a1, 0x
a8b7c6d5
   22 00000044         
   23 00000044 00000000 
              00000000         AREA             dataArea,DATA,READWRITE
   24 00000000 00000000 
              00000000 
              00000000 
              00000000 
              00000000 
              00000000 
              00000000 
              00000000 
              00000000 
              00000000 dst     DCD              0, 0, 0, 0, 0, 0, 0, 0, 0, 0
   25 00000028         
   26 00000028                 END
Command Line: --debug --xref --diag_suppress=9931 --cpu=Cortex-M3 --apcs=interw
ork --depend=.\objects\codetodatanooverlap.d -o.\objects\codetodatanooverlap.o 
-I"Z:\media\arkeyve\Archive\Code\Embedded System\ARM_NXP-LPC1768\lab1\RTE" -IC:
\Keil_v5\ARM\PACK\Keil\LPC1700_DFP\2.2.0\Device\Include -IC:\Keil_v5\ARM\CMSIS\
Include --predefine="__EVAL SETA 1" --predefine="__UVISION_VERSION SETA 517" --
predefine="LPC175x_6x SETA 1" --list=.\listings\codetodatanooverlap.lst codeToD
atanoOverlap.asm



ARM Macro Assembler    Page 1 Alphabetic symbol ordering
Relocatable symbols

RESET 00000000

Symbol: RESET
   Definitions
      At line 1 in file codeToDatanoOverlap.asm
   Uses
      None
Comment: RESET unused
__Vectors 00000000

Symbol: __Vectors
   Definitions
      At line 4 in file codeToDatanoOverlap.asm
   Uses
      At line 2 in file codeToDatanoOverlap.asm
Comment: __Vectors used once
2 symbols



ARM Macro Assembler    Page 1 Alphabetic symbol ordering
Relocatable symbols

Reset_Handler 00000000

Symbol: Reset_Handler
   Definitions
      At line 11 in file codeToDatanoOverlap.asm
   Uses
      At line 5 in file codeToDatanoOverlap.asm
      At line 8 in file codeToDatanoOverlap.asm

STOP 00000018

Symbol: STOP
   Definitions
      At line 19 in file codeToDatanoOverlap.asm
   Uses
      At line 19 in file codeToDatanoOverlap.asm
Comment: STOP used once
UP 00000008

Symbol: UP
   Definitions
      At line 14 in file codeToDatanoOverlap.asm
   Uses
      At line 18 in file codeToDatanoOverlap.asm
Comment: UP used once
code_to_data 00000000

Symbol: code_to_data
   Definitions
      At line 7 in file codeToDatanoOverlap.asm
   Uses
      None
Comment: code_to_data unused
src 0000001C

Symbol: src
   Definitions
      At line 21 in file codeToDatanoOverlap.asm
   Uses
      At line 11 in file codeToDatanoOverlap.asm
Comment: src used once
5 symbols



ARM Macro Assembler    Page 1 Alphabetic symbol ordering
Relocatable symbols

dataArea 00000000

Symbol: dataArea
   Definitions
      At line 23 in file codeToDatanoOverlap.asm
   Uses
      None
Comment: dataArea unused
dst 00000000

Symbol: dst
   Definitions
      At line 24 in file codeToDatanoOverlap.asm
   Uses
      At line 12 in file codeToDatanoOverlap.asm
Comment: dst used once
2 symbols
344 symbols in table
