


ARM Macro Assembler    Page 1 


    1 00000000                 AREA             RESET,DATA,READONLY
    2 00000000                 EXPORT           __Vectors
    3 00000000         __Vectors
    4 00000000 40001000        DCD              0x40001000
    5 00000004 00000000        DCD              Reset_Handler
    6 00000008         
    7 00000008                 AREA             sumofn,CODE,READONLY
    8 00000000                 EXPORT           Reset_Handler
    9 00000000                 ENTRY
   10 00000000         
   11 00000000         Reset_Handler
   12 00000000 4806            LDR              R0,=n
   13 00000002 4907            LDR              R1,=res
   14 00000004 6802            LDR              R2,[R0]
   15 00000006 F04F 0300       MOV              R3,#0
   16 0000000A FB02 2302       MLA              R3,R2,R2,R2
   17 0000000E EA4F 0353       LSR              R3,R3,#1
   18 00000012 600B            STR              R3,[R1]
   19 00000014         
   20 00000014         STOP
   21 00000014 E7FE            B                STOP
   22 00000016         
   23 00000016 00 00 00000012 
                       n       DCD              0x00000012
   24 0000001C         
   25 0000001C 00000000 
              00000000         AREA             result,DATA,READWRITE
   26 00000000 00000000 
                       res     DCD              0
   27 00000004         
   28 00000004                 END
Command Line: --debug --xref --cpu=Cortex-M3 --apcs=interwork --depend=sumofn.d
 -osumofn.o -IC:\Keil\ARM\RV31\INC -IC:\Keil\ARM\CMSIS\Include -IC:\Keil\ARM\In
c\NXP\LPC17xx --predefine="__EVAL SETA 1" --list=sumofn.lst sumofn.asm



ARM Macro Assembler    Page 1 Alphabetic symbol ordering
Relocatable symbols

RESET 00000000

Symbol: RESET
   Definitions
      At line 1 in file sumofn.asm
   Uses
      None
Comment: RESET unused
__Vectors 00000000

Symbol: __Vectors
   Definitions
      At line 3 in file sumofn.asm
   Uses
      At line 2 in file sumofn.asm
Comment: __Vectors used once
2 symbols



ARM Macro Assembler    Page 1 Alphabetic symbol ordering
Relocatable symbols

Reset_Handler 00000000

Symbol: Reset_Handler
   Definitions
      At line 11 in file sumofn.asm
   Uses
      At line 5 in file sumofn.asm
      At line 8 in file sumofn.asm

STOP 00000014

Symbol: STOP
   Definitions
      At line 20 in file sumofn.asm
   Uses
      At line 21 in file sumofn.asm
Comment: STOP used once
n 00000018

Symbol: n
   Definitions
      At line 23 in file sumofn.asm
   Uses
      At line 12 in file sumofn.asm
Comment: n used once
sumofn 00000000

Symbol: sumofn
   Definitions
      At line 7 in file sumofn.asm
   Uses
      None
Comment: sumofn unused
4 symbols



ARM Macro Assembler    Page 1 Alphabetic symbol ordering
Relocatable symbols

res 00000000

Symbol: res
   Definitions
      At line 26 in file sumofn.asm
   Uses
      At line 13 in file sumofn.asm
Comment: res used once
result 00000000

Symbol: result
   Definitions
      At line 25 in file sumofn.asm
   Uses
      None
Comment: result unused
2 symbols
341 symbols in table
