


ARM Macro Assembler    Page 1 


    1 00000000                 AREA             RESET,DATA,READONLY
    2 00000000                 EXPORT           __Vectors
    3 00000000         
    4 00000000         __Vectors
    5 00000000 40001000        DCD              0x40001000
    6 00000004 00000000        DCD              Reset_Handler
    7 00000008         
    8 00000008                 AREA             u2p,CODE,READONLY
    9 00000000                 EXPORT           Reset_Handler
   10 00000000                 ENTRY
   11 00000000         
   12 00000000         Reset_Handler
   13 00000000 4809            LDR              R0,=unpacked
   14 00000002 490A            LDR              R1,=packed
   15 00000004 F04F 0408       MOV              R4,#8
   16 00000008 F810 3B01 
                       UP      LDRB             R3,[R0],#1
   17 0000000C EA41 0103       ORR              R1,R3
   18 00000010 F1A4 0401       SUB              R4,#1
   19 00000014 2C00            CMP              R4,#0
   20 00000016 BF18 0109       LSLNE            R1,#4
   21 0000001A D1F5            BNE              UP
   22 0000001C         
   23 0000001C         STOP
   24 0000001C E7FE            B                STOP
   25 0000001E         
   26 0000001E         unpacked
   27 0000001E 01 02 03 
              04 05 06 
              07 08            DCB              1,2,3,4,5,6,7,8
   28 00000026         
   29 00000026 00 00 00000000 
              00000000         AREA             packloc,DATA,READWRITE
   30 00000000         packed
   31 00000000 00000000        DCD              0
   32 00000004         
   33 00000004                 END
Command Line: --debug --xref --cpu=Cortex-M3 --apcs=interwork --depend=unpack2p
ack.d -ounpack2pack.o -IC:\Keil\ARM\RV31\INC -IC:\Keil\ARM\CMSIS\Include -IC:\K
eil\ARM\Inc\NXP\LPC17xx --predefine="__EVAL SETA 1" --list=unpack2pack.lst unpa
ck2pack.asm



ARM Macro Assembler    Page 1 Alphabetic symbol ordering
Relocatable symbols

RESET 00000000

Symbol: RESET
   Definitions
      At line 1 in file unpack2pack.asm
   Uses
      None
Comment: RESET unused
__Vectors 00000000

Symbol: __Vectors
   Definitions
      At line 4 in file unpack2pack.asm
   Uses
      At line 2 in file unpack2pack.asm
Comment: __Vectors used once
2 symbols



ARM Macro Assembler    Page 1 Alphabetic symbol ordering
Relocatable symbols

Reset_Handler 00000000

Symbol: Reset_Handler
   Definitions
      At line 12 in file unpack2pack.asm
   Uses
      At line 6 in file unpack2pack.asm
      At line 9 in file unpack2pack.asm

STOP 0000001C

Symbol: STOP
   Definitions
      At line 23 in file unpack2pack.asm
   Uses
      At line 24 in file unpack2pack.asm
Comment: STOP used once
UP 00000008

Symbol: UP
   Definitions
      At line 16 in file unpack2pack.asm
   Uses
      At line 21 in file unpack2pack.asm
Comment: UP used once
u2p 00000000

Symbol: u2p
   Definitions
      At line 8 in file unpack2pack.asm
   Uses
      None
Comment: u2p unused
unpacked 0000001E

Symbol: unpacked
   Definitions
      At line 26 in file unpack2pack.asm
   Uses
      At line 13 in file unpack2pack.asm
Comment: unpacked used once
5 symbols



ARM Macro Assembler    Page 1 Alphabetic symbol ordering
Relocatable symbols

packed 00000000

Symbol: packed
   Definitions
      At line 30 in file unpack2pack.asm
   Uses
      At line 14 in file unpack2pack.asm
Comment: packed used once
packloc 00000000

Symbol: packloc
   Definitions
      At line 29 in file unpack2pack.asm
   Uses
      None
Comment: packloc unused
2 symbols
342 symbols in table
