


ARM Macro Assembler    Page 1 


    1 00000000                 AREA             RESET,DATA,READONLY
    2 00000000                 EXPORT           __Vectors
    3 00000000         
    4 00000000         __Vectors
    5 00000000 40001000        DCD              0x40001000
    6 00000004 00000000        DCD              Reset_Handler
    7 00000008         
    8 00000008                 AREA             mycode,CODE,READONLY
    9 00000000                 EXPORT           Reset_Handler
   10 00000000                 ENTRY
   11 00000000         
   12 00000000         Reset_Handler
   13 00000000 4811            LDR              R0,=hexval
   14 00000002 6801            LDR              R1,[R0]
   15 00000004 F04F 0720       MOV              R7,#32
   16 00000008 F04F 030A       MOV              R3,#0x0A
   17 0000000C F04F 0600       MOV              R6,#0
   18 00000010 460A            MOV              R2,R1
   19 00000012 F04F 0400 
                       UP      MOV              R4,#0
   20 00000016 F000 F80E       BL               divide
   21 0000001A EA46 0602       ORR              R6,R2
   22 0000001E EA4F 1636       ROR              R6,#4
   23 00000022 F1A7 0704       SUB              R7,#4
   24 00000026 4622            MOV              R2,R4
   25 00000028 2C00            CMP              R4,#0
   26 0000002A D1F2            BNE              UP
   27 0000002C FA26 F607       LSR              R6,R7
   28 00000030 4806            LDR              R0,=bcdval
   29 00000032 6006            STR              R6,[R0]
   30 00000034 E7FE    STOP    B                STOP
   31 00000036         
   32 00000036 429A    divide  CMP              R2,R3
   33 00000038 BF24 1AD2       SUBHS            R2,R3
   34 0000003C 3401            ADDHS            R4,#1
   35 0000003E D2FA            BHS              divide
   36 00000040 4770            BX               LR
   37 00000042         
   38 00000042 00 00 0000003A 
                       hexval  DCD              0x3A
   39 00000048         
   40 00000048 00000000 
              00000000         AREA             mydata,DATA,READWRITE
   41 00000000 00000000 
                       bcdval  DCD              0
   42 00000004         
   43 00000004                 END
Command Line: --debug --xref --cpu=Cortex-M3 --apcs=interwork --depend=hex-bcd.
d -ohex-bcd.o -IC:\Keil\ARM\RV31\INC -IC:\Keil\ARM\CMSIS\Include -IC:\Keil\ARM\
Inc\NXP\LPC17xx --predefine="__EVAL SETA 1" --list=hex-bcd.lst hex-bcd.asm



ARM Macro Assembler    Page 1 Alphabetic symbol ordering
Relocatable symbols

RESET 00000000

Symbol: RESET
   Definitions
      At line 1 in file hex-bcd.asm
   Uses
      None
Comment: RESET unused
__Vectors 00000000

Symbol: __Vectors
   Definitions
      At line 4 in file hex-bcd.asm
   Uses
      At line 2 in file hex-bcd.asm
Comment: __Vectors used once
2 symbols



ARM Macro Assembler    Page 1 Alphabetic symbol ordering
Relocatable symbols

Reset_Handler 00000000

Symbol: Reset_Handler
   Definitions
      At line 12 in file hex-bcd.asm
   Uses
      At line 6 in file hex-bcd.asm
      At line 9 in file hex-bcd.asm

STOP 00000034

Symbol: STOP
   Definitions
      At line 30 in file hex-bcd.asm
   Uses
      At line 30 in file hex-bcd.asm
Comment: STOP used once
UP 00000012

Symbol: UP
   Definitions
      At line 19 in file hex-bcd.asm
   Uses
      At line 26 in file hex-bcd.asm
Comment: UP used once
divide 00000036

Symbol: divide
   Definitions
      At line 32 in file hex-bcd.asm
   Uses
      At line 20 in file hex-bcd.asm
      At line 35 in file hex-bcd.asm

hexval 00000044

Symbol: hexval
   Definitions
      At line 38 in file hex-bcd.asm
   Uses
      At line 13 in file hex-bcd.asm
Comment: hexval used once
mycode 00000000

Symbol: mycode
   Definitions
      At line 8 in file hex-bcd.asm
   Uses
      None
Comment: mycode unused
6 symbols



ARM Macro Assembler    Page 1 Alphabetic symbol ordering
Relocatable symbols

bcdval 00000000

Symbol: bcdval
   Definitions
      At line 41 in file hex-bcd.asm
   Uses
      At line 28 in file hex-bcd.asm
Comment: bcdval used once
mydata 00000000

Symbol: mydata
   Definitions
      At line 40 in file hex-bcd.asm
   Uses
      None
Comment: mydata unused
2 symbols
343 symbols in table
