


ARM Macro Assembler    Page 1 


    1 00000000                 AREA             RESET,DATA,READONLY
    2 00000000                 EXPORT           __Vectors
    3 00000000         
    4 00000000         __Vectors
    5 00000000 40001000        DCD              0x40001000
    6 00000004 00000000        DCD              Reset_Handler
    7 00000008         
    8 00000008                 AREA             ques1code,CODE,READONLY
    9 00000000                 EXPORT           Reset_Handler
   10 00000000                 ENTRY
   11 00000000         
   12 00000000         Reset_Handler
   13 00000000 4811            LDR              R0,=num1
   14 00000002 4912            LDR              R1,=num2
   15 00000004 F04F 0708       MOV              R7,#8
   16 00000008 6802            LDR              R2,[R0]
   17 0000000A 680B            LDR              R3,[R1]
   18 0000000C 2800            CMP              R0,#0
   19 0000000E F002 040F 
                       UP      AND              R4,R2,#0x0F
   20 00000012 F003 050F       AND              R5,R3,#0x0F
   21 00000016 41AC            SBCS             R4,R5
   22 00000018 BF38 3C06       SUBLO            R4,#6
   23 0000001C F004 040F       AND              R4,#0x0F
   24 00000020 EA46 0604       ORR              R6,R4
   25 00000024 EA4F 1636       ROR              R6,#4
   26 00000028 EA4F 1212       LSR              R2,#4
   27 0000002C EA4F 1313       LSR              R3,#4
   28 00000030 F1A7 0701       SUB              R7,#1
   29 00000034 F097 0F00       TEQ              R7,#0
   30 00000038 D1E9            BNE              UP
   31 0000003A 4805            LDR              R0,=res
   32 0000003C 6006            STR              R6,[R0]
   33 0000003E E7FE    STOP    B                STOP
   34 00000040         
   35 00000040 79242145 
                       num1    DCD              0x79242145
   36 00000044 78361549 
                       num2    DCD              0x78361549
   37 00000048         
   38 00000048 00000000 
              00000000 
              00000000         AREA             result,DATA,READWRITE
   39 00000000 00000000 
                       res     DCD              0
   40 00000004                 END
Command Line: --debug --xref --diag_suppress=9931 --cpu=Cortex-M3 --apcs=interw
ork --depend=.\objects\ques1.d -o.\objects\ques1.o -ID:\Code\Assembly\assignmen
t1\RTE -IC:\Keil_v5\ARM\PACK\Keil\LPC1700_DFP\2.2.0\Device\Include -IC:\Keil_v5
\ARM\CMSIS\Include --predefine="__EVAL SETA 1" --predefine="__UVISION_VERSION S
ETA 517" --predefine="LPC175x_6x SETA 1" --list=.\listings\ques1.lst ques1.s



ARM Macro Assembler    Page 1 Alphabetic symbol ordering
Relocatable symbols

RESET 00000000

Symbol: RESET
   Definitions
      At line 1 in file ques1.s
   Uses
      None
Comment: RESET unused
__Vectors 00000000

Symbol: __Vectors
   Definitions
      At line 4 in file ques1.s
   Uses
      At line 2 in file ques1.s
Comment: __Vectors used once
2 symbols



ARM Macro Assembler    Page 1 Alphabetic symbol ordering
Relocatable symbols

Reset_Handler 00000000

Symbol: Reset_Handler
   Definitions
      At line 12 in file ques1.s
   Uses
      At line 6 in file ques1.s
      At line 9 in file ques1.s

STOP 0000003E

Symbol: STOP
   Definitions
      At line 33 in file ques1.s
   Uses
      At line 33 in file ques1.s
Comment: STOP used once
UP 0000000E

Symbol: UP
   Definitions
      At line 19 in file ques1.s
   Uses
      At line 30 in file ques1.s
Comment: UP used once
num1 00000040

Symbol: num1
   Definitions
      At line 35 in file ques1.s
   Uses
      At line 13 in file ques1.s
Comment: num1 used once
num2 00000044

Symbol: num2
   Definitions
      At line 36 in file ques1.s
   Uses
      At line 14 in file ques1.s
Comment: num2 used once
ques1code 00000000

Symbol: ques1code
   Definitions
      At line 8 in file ques1.s
   Uses
      None
Comment: ques1code unused
6 symbols



ARM Macro Assembler    Page 1 Alphabetic symbol ordering
Relocatable symbols

res 00000000

Symbol: res
   Definitions
      At line 39 in file ques1.s
   Uses
      At line 31 in file ques1.s
Comment: res used once
result 00000000

Symbol: result
   Definitions
      At line 38 in file ques1.s
   Uses
      None
Comment: result unused
2 symbols
345 symbols in table
